{
  "0 debug pnpm:scope": {
    "selected": 1
  },
  "1 debug pnpm:package-manifest": {
    "initial": {
      "name": "my-app",
      "version": "0.0.1",
      "scripts": {
        "dev": "svelte-kit dev",
        "build": "svelte-kit build",
        "package": "svelte-kit package",
        "preview": "svelte-kit preview",
        "prepare": "svelte-kit sync",
        "check": "svelte-check --tsconfig ./tsconfig.json",
        "check:watch": "svelte-check --tsconfig ./tsconfig.json --watch",
        "lint": "prettier --check --plugin-search-dir=. .",
        "format": "prettier --write --plugin-search-dir=. ."
      },
      "devDependencies": {
        "@sveltejs/adapter-auto": "next",
        "@sveltejs/kit": "next",
        "@types/cookie": "^0.4.1",
        "prettier": "^2.5.1",
        "prettier-plugin-svelte": "^2.5.0",
        "svelte": "^3.46.0",
        "svelte-check": "^2.2.6",
        "svelte-preprocess": "^4.10.1",
        "tslib": "^2.3.1",
        "typescript": "~4.6.2"
      },
      "type": "module",
      "dependencies": {
        "@fontsource/fira-mono": "^4.5.0",
        "@lukeed/uuid": "^2.0.0",
        "cookie": "^0.4.1"
      }
    },
    "prefix": "/Users/xincheng/createwj/svelte-kit"
  },
  "2 debug pnpm:context": {
    "currentLockfileExists": false,
    "storeDir": "/Users/xincheng/Library/pnpm/store/v3",
    "virtualStoreDir": "/Users/xincheng/createwj/svelte-kit/node_modules/.pnpm"
  },
  "3 debug pnpm:stage": {
    "prefix": "/Users/xincheng/createwj/svelte-kit",
    "stage": "resolution_started"
  },
  "4 debug pnpm:_dependency_resolved": {
    "resolution": "registry.npmjs.org/cookie/0.4.2",
    "wanted": {
      "dependentId": ".",
      "name": "cookie",
      "rawSpec": "^0.4.1"
    }
  },
  "5 debug pnpm:progress": {
    "packageId": "registry.npmjs.org/cookie/0.4.2",
    "requester": "/Users/xincheng/createwj/svelte-kit",
    "status": "resolved"
  },
  "6 debug pnpm:_dependency_resolved": {
    "resolution": "registry.npmjs.org/@types/cookie/0.4.1",
    "wanted": {
      "dependentId": ".",
      "name": "@types/cookie",
      "rawSpec": "^0.4.1"
    }
  },
  "7 debug pnpm:progress": {
    "packageId": "registry.npmjs.org/@types/cookie/0.4.1",
    "requester": "/Users/xincheng/createwj/svelte-kit",
    "status": "resolved"
  },
  "8 debug pnpm:fetching-progress": {
    "attempt": 1,
    "packageId": "registry.npmjs.org/@types/cookie/0.4.1",
    "size": 3314,
    "status": "started"
  },
  "9 debug pnpm:fetching-progress": {
    "attempt": 1,
    "packageId": "registry.npmjs.org/cookie/0.4.2",
    "size": 6986,
    "status": "started"
  },
  "10 debug pnpm:_dependency_resolved": {
    "resolution": "registry.npmjs.org/@lukeed/uuid/2.0.0",
    "wanted": {
      "dependentId": ".",
      "name": "@lukeed/uuid",
      "rawSpec": "^2.0.0"
    }
  },
  "11 debug pnpm:progress": {
    "packageId": "registry.npmjs.org/@lukeed/uuid/2.0.0",
    "requester": "/Users/xincheng/createwj/svelte-kit",
    "status": "resolved"
  },
  "12 debug pnpm:_dependency_resolved": {
    "resolution": "registry.npmjs.org/@sveltejs/adapter-auto/1.0.0-next.45",
    "wanted": {
      "dependentId": ".",
      "name": "@sveltejs/adapter-auto",
      "rawSpec": "next"
    }
  },
  "13 debug pnpm:progress": {
    "packageId": "registry.npmjs.org/@sveltejs/adapter-auto/1.0.0-next.45",
    "requester": "/Users/xincheng/createwj/svelte-kit",
    "status": "resolved"
  },
  "14 debug pnpm:progress": {
    "packageId": "registry.npmjs.org/@types/cookie/0.4.1",
    "requester": "/Users/xincheng/createwj/svelte-kit",
    "status": "fetched"
  },
  "15 debug pnpm:_dependency_resolved": {
    "resolution": "registry.npmjs.org/svelte/3.48.0",
    "wanted": {
      "dependentId": ".",
      "name": "svelte",
      "rawSpec": "^3.46.0"
    }
  },
  "16 debug pnpm:progress": {
    "packageId": "registry.npmjs.org/svelte/3.48.0",
    "requester": "/Users/xincheng/createwj/svelte-kit",
    "status": "resolved"
  },
  "17 debug pnpm:fetching-progress": {
    "attempt": 1,
    "packageId": "registry.npmjs.org/@lukeed/uuid/2.0.0",
    "size": 3905,
    "status": "started"
  },
  "18 debug pnpm:progress": {
    "packageId": "registry.npmjs.org/cookie/0.4.2",
    "requester": "/Users/xincheng/createwj/svelte-kit",
    "status": "fetched"
  },
  "19 debug pnpm:progress": {
    "packageId": "registry.npmjs.org/@lukeed/uuid/2.0.0",
    "requester": "/Users/xincheng/createwj/svelte-kit",
    "status": "fetched"
  },
  "20 debug pnpm:progress": {
    "packageId": "registry.npmjs.org/svelte/3.48.0",
    "requester": "/Users/xincheng/createwj/svelte-kit",
    "status": "found_in_store"
  },
  "21 debug pnpm:_dependency_resolved": {
    "resolution": "registry.npmjs.org/tslib/2.4.0",
    "wanted": {
      "dependentId": ".",
      "name": "tslib",
      "rawSpec": "^2.3.1"
    }
  },
  "22 debug pnpm:progress": {
    "packageId": "registry.npmjs.org/tslib/2.4.0",
    "requester": "/Users/xincheng/createwj/svelte-kit",
    "status": "resolved"
  },
  "23 debug pnpm:progress": {
    "packageId": "registry.npmjs.org/tslib/2.4.0",
    "requester": "/Users/xincheng/createwj/svelte-kit",
    "status": "found_in_store"
  },
  "24 debug pnpm:_dependency_resolved": {
    "resolution": "registry.npmjs.org/@fontsource/fira-mono/4.5.8",
    "wanted": {
      "dependentId": ".",
      "name": "@fontsource/fira-mono",
      "rawSpec": "^4.5.0"
    }
  },
  "25 debug pnpm:progress": {
    "packageId": "registry.npmjs.org/@fontsource/fira-mono/4.5.8",
    "requester": "/Users/xincheng/createwj/svelte-kit",
    "status": "resolved"
  },
  "26 debug pnpm:fetching-progress": {
    "attempt": 1,
    "packageId": "registry.npmjs.org/@sveltejs/adapter-auto/1.0.0-next.45",
    "size": 2427,
    "status": "started"
  },
  "27 debug pnpm:progress": {
    "packageId": "registry.npmjs.org/@sveltejs/adapter-auto/1.0.0-next.45",
    "requester": "/Users/xincheng/createwj/svelte-kit",
    "status": "fetched"
  },
  "28 debug pnpm:_dependency_resolved": {
    "resolution": "registry.npmjs.org/prettier-plugin-svelte/2.7.0",
    "wanted": {
      "dependentId": ".",
      "name": "prettier-plugin-svelte",
      "rawSpec": "^2.5.0"
    }
  },
  "29 debug pnpm:progress": {
    "packageId": "registry.npmjs.org/prettier-plugin-svelte/2.7.0",
    "requester": "/Users/xincheng/createwj/svelte-kit",
    "status": "resolved"
  },
  "30 debug pnpm:fetching-progress": {
    "attempt": 1,
    "packageId": "registry.npmjs.org/@fontsource/fira-mono/4.5.8",
    "size": 958573,
    "status": "started"
  },
  "31 debug pnpm:fetching-progress": {
    "attempt": 1,
    "packageId": "registry.npmjs.org/prettier-plugin-svelte/2.7.0",
    "size": 49476,
    "status": "started"
  },
  "32 debug pnpm:_dependency_resolved": {
    "resolution": "registry.npmjs.org/prettier/2.6.2",
    "wanted": {
      "dependentId": ".",
      "name": "prettier",
      "rawSpec": "^2.5.1"
    }
  },
  "33 debug pnpm:progress": {
    "packageId": "registry.npmjs.org/prettier/2.6.2",
    "requester": "/Users/xincheng/createwj/svelte-kit",
    "status": "resolved"
  },
  "34 debug pnpm:progress": {
    "packageId": "registry.npmjs.org/prettier/2.6.2",
    "requester": "/Users/xincheng/createwj/svelte-kit",
    "status": "found_in_store"
  },
  "35 debug pnpm:_dependency_resolved": {
    "resolution": "registry.npmjs.org/svelte-check/2.7.1",
    "wanted": {
      "dependentId": ".",
      "name": "svelte-check",
      "rawSpec": "^2.2.6"
    }
  },
  "36 debug pnpm:progress": {
    "packageId": "registry.npmjs.org/svelte-check/2.7.1",
    "requester": "/Users/xincheng/createwj/svelte-kit",
    "status": "resolved"
  },
  "37 debug pnpm:progress": {
    "packageId": "registry.npmjs.org/svelte-check/2.7.1",
    "requester": "/Users/xincheng/createwj/svelte-kit",
    "status": "found_in_store"
  },
  "38 debug pnpm:progress": {
    "packageId": "registry.npmjs.org/prettier-plugin-svelte/2.7.0",
    "requester": "/Users/xincheng/createwj/svelte-kit",
    "status": "fetched"
  },
  "39 debug pnpm:_dependency_resolved": {
    "resolution": "registry.npmjs.org/svelte-preprocess/4.10.6",
    "wanted": {
      "dependentId": ".",
      "name": "svelte-preprocess",
      "rawSpec": "^4.10.1"
    }
  },
  "40 debug pnpm:progress": {
    "packageId": "registry.npmjs.org/svelte-preprocess/4.10.6",
    "requester": "/Users/xincheng/createwj/svelte-kit",
    "status": "resolved"
  },
  "41 debug pnpm:progress": {
    "packageId": "registry.npmjs.org/svelte-preprocess/4.10.6",
    "requester": "/Users/xincheng/createwj/svelte-kit",
    "status": "found_in_store"
  },
  "42 warn pnpm:install-check": {
    "message": "Unsupported engine for registry.npmjs.org/@sveltejs/kit/1.0.0-next.341: wanted: {\"node\":\">=16\"} (current: {\"node\":\"v14.19.1\",\"pnpm\":\"7.1.0\"})",
    "prefix": "/Users/xincheng/createwj/svelte-kit"
  },
  "43 error pnpm": {
    "code": "ERR_PNPM_UNSUPPORTED_ENGINE",
    "packageId": "registry.npmjs.org/@sveltejs/kit/1.0.0-next.341",
    "wanted": {
      "node": ">=16"
    },
    "current": {
      "node": "v14.19.1",
      "pnpm": "7.1.0"
    },
    "pkgsStack": [],
    "err": {
      "name": "pnpm",
      "message": "Unsupported engine for registry.npmjs.org/@sveltejs/kit/1.0.0-next.341: wanted: {\"node\":\">=16\"} (current: {\"node\":\"v14.19.1\",\"pnpm\":\"7.1.0\"})",
      "code": "ERR_PNPM_UNSUPPORTED_ENGINE",
      "stack": "pnpm: Unsupported engine for registry.npmjs.org/@sveltejs/kit/1.0.0-next.341: wanted: {\"node\":\">=16\"} (current: {\"node\":\"v14.19.1\",\"pnpm\":\"7.1.0\"})\n    at checkEngine (/Users/xincheng/.nvm/versions/node/v14.18.3/pnpm-global/5/node_modules/.pnpm/pnpm@7.1.0/node_modules/pnpm/dist/pnpm.cjs:41213:16)\n    at checkPackage (/Users/xincheng/.nvm/versions/node/v14.18.3/pnpm-global/5/node_modules/.pnpm/pnpm@7.1.0/node_modules/pnpm/dist/pnpm.cjs:43461:74)\n    at packageIsInstallable (/Users/xincheng/.nvm/versions/node/v14.18.3/pnpm-global/5/node_modules/.pnpm/pnpm@7.1.0/node_modules/pnpm/dist/pnpm.cjs:43431:20)\n    at resolveAndFetch (/Users/xincheng/.nvm/versions/node/v14.18.3/pnpm-global/5/node_modules/.pnpm/pnpm@7.1.0/node_modules/pnpm/dist/pnpm.cjs:91549:117)\n    at runMicrotasks (<anonymous>)\n    at processTicksAndRejections (internal/process/task_queues.js:95:5)\n    at async resolveDependency (/Users/xincheng/.nvm/versions/node/v14.18.3/pnpm-global/5/node_modules/.pnpm/pnpm@7.1.0/node_modules/pnpm/dist/pnpm.cjs:115788:23)\n    at async resolveDependenciesOfDependency (/Users/xincheng/.nvm/versions/node/v14.18.3/pnpm-global/5/node_modules/.pnpm/pnpm@7.1.0/node_modules/pnpm/dist/pnpm.cjs:115632:39)\n    at async Promise.all (index 1)\n    at async resolveDependencies (/Users/xincheng/.nvm/versions/node/v14.18.3/pnpm-global/5/node_modules/.pnpm/pnpm@7.1.0/node_modules/pnpm/dist/pnpm.cjs:115600:29)"
    }
  }
}